<?xml version="1.0" encoding="UTF-8"?>
<!-- Generated by org.testng.reporters.JUnitReportReporter -->
<testsuite hostname="LAPTOP-RACHI7S2" failures="0" tests="6" name="com.crm.qa.testcases.ContactsPageTest" time="49.046" errors="0" timestamp="2021-10-31T23:34:05 IST" skipped="2">
  <testcase classname="com.crm.qa.testcases.ContactsPageTest" name="createNewContact" time="13.077"/>
  <system-out/>
  <testcase classname="com.crm.qa.testcases.ContactsPageTest" name="createNewContact" time="11.628"/>
  <system-out/>
  <testcase classname="com.crm.qa.testcases.ContactsPageTest" name="createNewContact" time="14.744"/>
  <system-out/>
  <testcase classname="com.crm.qa.testcases.ContactsPageTest" name="createNewContact" time="9.597"/>
  <system-out/>
  <testcase classname="com.crm.qa.testcases.ContactsPageTest" name="clickContact">
    <skipped/>
  </testcase> <!-- clickContact -->
  <system-out/>
  <testcase classname="com.crm.qa.testcases.ContactsPageTest" name="verifyContactsLabelTest">
    <skipped/>
  </testcase> <!-- verifyContactsLabelTest -->
  <system-out/>
</testsuite> <!-- com.crm.qa.testcases.ContactsPageTest -->
