<?xml version="1.0" encoding="UTF-8"?>
<!-- Generated by org.testng.reporters.JUnitReportReporter -->
<testsuite hostname="LAPTOP-RACHI7S2" failures="0" tests="3" name="com.crm.qa.testcases.LoginPageTest" time="43.667" errors="0" timestamp="2021-10-31T23:34:05 IST" skipped="1">
  <testcase classname="com.crm.qa.testcases.LoginPageTest" name="enterCredentials" time="26.287"/>
  <system-out/>
  <testcase classname="com.crm.qa.testcases.LoginPageTest" name="clickLoginButton" time="17.380"/>
  <system-out/>
  <testcase classname="com.crm.qa.testcases.LoginPageTest" name="loginPageTitleTest">
    <skipped/>
  </testcase> <!-- loginPageTitleTest -->
  <system-out/>
</testsuite> <!-- com.crm.qa.testcases.LoginPageTest -->
