<?xml version="1.0" encoding="UTF-8"?>
<!-- Generated by org.testng.reporters.JUnitReportReporter -->
<testsuite hostname="LAPTOP-RACHI7S2" failures="0" tests="4" name="com.crm.qa.testcases.HomePageTest" time="122.885" errors="0" timestamp="2021-10-31T23:34:05 IST" skipped="0">
  <testcase classname="com.crm.qa.testcases.HomePageTest" name="verifyHomePagetitle" time="31.867"/>
  <system-out/>
  <testcase classname="com.crm.qa.testcases.HomePageTest" name="verifyUserLabel" time="26.238"/>
  <system-out/>
  <testcase classname="com.crm.qa.testcases.HomePageTest" name="verifyContactsLink" time="34.942"/>
  <system-out/>
  <testcase classname="com.crm.qa.testcases.HomePageTest" name="verifyDealsLink" time="29.838"/>
  <system-out/>
</testsuite> <!-- com.crm.qa.testcases.HomePageTest -->
